<?xml version="1.0" encoding="UTF-8"?>
<!-- Generated by org.testng.reporters.JUnitReportReporter -->
<testsuite hostname="DESKTOP-S94KECF" name="com.bussinessscripts.SampleTestTwo" tests="1" failures="0" timestamp="2 Jun 2021 03:28:30 GMT" time="37.537" errors="0">
  <testcase name="testTwo" time="37.537" classname="com.bussinessscripts.SampleTestTwo"/>
</testsuite> <!-- com.bussinessscripts.SampleTestTwo -->
