<?xml version="1.0" encoding="UTF-8"?>
<!-- Generated by org.testng.reporters.JUnitReportReporter -->
<testsuite hostname="DESKTOP-S94KECF" name="com.bussinessscripts.SampleTest" tests="1" failures="0" timestamp="2 Jun 2021 03:29:14 GMT" time="12.969" errors="0">
  <testcase name="testOne" time="12.969" classname="com.bussinessscripts.SampleTest"/>
</testsuite> <!-- com.bussinessscripts.SampleTest -->
